<?xml version="1.0" encoding="UTF-8" standalone="yes"?><!DOCTYPE report PUBLIC "-//JACOCO//DTD Report 1.1//EN" "report.dtd"><report name="hw4"><sessioninfo id="DESKTOP-GNNAOA7-29e91e1b" start="1665433197158" dump="1665433198416"/><package name="root/vending"><class name="root/vending/VendingMachine" sourcefilename="VendingMachine.java"><method name="&lt;init&gt;" desc="()V" line="17"><counter type="INSTRUCTION" missed="0" covered="42"/><counter type="LINE" missed="0" covered="14"/><counter type="COMPLEXITY" missed="0" covered="1"/><counter type="METHOD" missed="0" covered="1"/></method><method name="getNumberOfProduct1" desc="()I" line="56"><counter type="INSTRUCTION" missed="0" covered="3"/><counter type="LINE" missed="0" covered="1"/><counter type="COMPLEXITY" missed="0" covered="1"/><counter type="METHOD" missed="0" covered="1"/></method><method name="getNumberOfProduct2" desc="()I" line="61"><counter type="INSTRUCTION" missed="0" covered="3"/><counter type="LINE" missed="0" covered="1"/><counter type="COMPLEXITY" missed="0" covered="1"/><counter type="METHOD" missed="0" covered="1"/></method><method name="getCurrentBalance" desc="()I" line="66"><counter type="INSTRUCTION" missed="0" covered="3"/><counter type="LINE" missed="0" covered="1"/><counter type="COMPLEXITY" missed="0" covered="1"/><counter type="METHOD" missed="0" covered="1"/></method><method name="getCurrentMode" desc="()Lroot/vending/VendingMachine$Mode;" line="71"><counter type="INSTRUCTION" missed="0" covered="3"/><counter type="LINE" missed="0" covered="1"/><counter type="COMPLEXITY" missed="0" covered="1"/><counter type="METHOD" missed="0" covered="1"/></method><method name="getCurrentSum" desc="()I" line="76"><counter type="INSTRUCTION" missed="0" covered="16"/><counter type="BRANCH" missed="0" covered="2"/><counter type="LINE" missed="0" covered="3"/><counter type="COMPLEXITY" missed="0" covered="2"/><counter type="METHOD" missed="0" covered="1"/></method><method name="getCoins1" desc="()I" line="84"><counter type="INSTRUCTION" missed="0" covered="9"/><counter type="BRANCH" missed="0" covered="2"/><counter type="LINE" missed="0" covered="3"/><counter type="COMPLEXITY" missed="0" covered="2"/><counter type="METHOD" missed="0" covered="1"/></method><method name="getCoins2" desc="()I" line="92"><counter type="INSTRUCTION" missed="0" covered="9"/><counter type="BRANCH" missed="0" covered="2"/><counter type="LINE" missed="0" covered="3"/><counter type="COMPLEXITY" missed="0" covered="2"/><counter type="METHOD" missed="0" covered="1"/></method><method name="getPrice1" desc="()I" line="101"><counter type="INSTRUCTION" missed="0" covered="3"/><counter type="LINE" missed="0" covered="1"/><counter type="COMPLEXITY" missed="0" covered="1"/><counter type="METHOD" missed="0" covered="1"/></method><method name="getPrice2" desc="()I" line="106"><counter type="INSTRUCTION" missed="0" covered="3"/><counter type="LINE" missed="0" covered="1"/><counter type="COMPLEXITY" missed="0" covered="1"/><counter type="METHOD" missed="0" covered="1"/></method><method name="fillProducts" desc="()Lroot/vending/VendingMachine$Response;" line="111"><counter type="INSTRUCTION" missed="0" covered="16"/><counter type="BRANCH" missed="0" covered="2"/><counter type="LINE" missed="0" covered="4"/><counter type="COMPLEXITY" missed="0" covered="2"/><counter type="METHOD" missed="0" covered="1"/></method><method name="fillCoins" desc="(II)Lroot/vending/VendingMachine$Response;" line="119"><counter type="INSTRUCTION" missed="0" covered="30"/><counter type="BRANCH" missed="0" covered="10"/><counter type="LINE" missed="0" covered="9"/><counter type="COMPLEXITY" missed="0" covered="6"/><counter type="METHOD" missed="0" covered="1"/></method><method name="enterAdminMode" desc="(J)Lroot/vending/VendingMachine$Response;" line="135"><counter type="INSTRUCTION" missed="0" covered="17"/><counter type="BRANCH" missed="0" covered="4"/><counter type="LINE" missed="0" covered="4"/><counter type="COMPLEXITY" missed="0" covered="3"/><counter type="METHOD" missed="0" covered="1"/></method><method name="exitAdminMode" desc="()V" line="143"><counter type="INSTRUCTION" missed="0" covered="4"/><counter type="LINE" missed="0" covered="2"/><counter type="COMPLEXITY" missed="0" covered="1"/><counter type="METHOD" missed="0" covered="1"/></method><method name="setPrices" desc="(II)Lroot/vending/VendingMachine$Response;" line="148"><counter type="INSTRUCTION" missed="0" covered="20"/><counter type="BRANCH" missed="0" covered="6"/><counter type="LINE" missed="0" covered="5"/><counter type="COMPLEXITY" missed="0" covered="4"/><counter type="METHOD" missed="0" covered="1"/></method><method name="putCoin1" desc="()Lroot/vending/VendingMachine$Response;" line="157"><counter type="INSTRUCTION" missed="0" covered="27"/><counter type="BRANCH" missed="0" covered="4"/><counter type="LINE" missed="0" covered="5"/><counter type="COMPLEXITY" missed="0" covered="3"/><counter type="METHOD" missed="0" covered="1"/></method><method name="putCoin2" desc="()Lroot/vending/VendingMachine$Response;" line="168"><counter type="INSTRUCTION" missed="0" covered="27"/><counter type="BRANCH" missed="0" covered="4"/><counter type="LINE" missed="0" covered="5"/><counter type="COMPLEXITY" missed="0" covered="3"/><counter type="METHOD" missed="0" covered="1"/></method><method name="returnMoney" desc="()Lroot/vending/VendingMachine$Response;" line="179"><counter type="INSTRUCTION" missed="0" covered="96"/><counter type="BRANCH" missed="0" covered="12"/><counter type="LINE" missed="0" covered="20"/><counter type="COMPLEXITY" missed="0" covered="7"/><counter type="METHOD" missed="0" covered="1"/></method><method name="giveProduct1" desc="(I)Lroot/vending/VendingMachine$Response;" line="222"><counter type="INSTRUCTION" missed="0" covered="129"/><counter type="BRANCH" missed="0" covered="18"/><counter type="LINE" missed="0" covered="25"/><counter type="COMPLEXITY" missed="0" covered="10"/><counter type="METHOD" missed="0" covered="1"/></method><method name="giveProduct2" desc="(I)Lroot/vending/VendingMachine$Response;" line="271"><counter type="INSTRUCTION" missed="0" covered="129"/><counter type="BRANCH" missed="0" covered="18"/><counter type="LINE" missed="0" covered="25"/><counter type="COMPLEXITY" missed="0" covered="10"/><counter type="METHOD" missed="0" covered="1"/></method><method name="&lt;clinit&gt;" desc="()V" line="49"><counter type="INSTRUCTION" missed="0" covered="5"/><counter type="LINE" missed="0" covered="2"/><counter type="COMPLEXITY" missed="0" covered="1"/><counter type="METHOD" missed="0" covered="1"/></method><counter type="INSTRUCTION" missed="0" covered="594"/><counter type="BRANCH" missed="0" covered="84"/><counter type="LINE" missed="0" covered="135"/><counter type="COMPLEXITY" missed="0" covered="63"/><counter type="METHOD" missed="0" covered="21"/><counter type="CLASS" missed="0" covered="1"/></class><class name="root/vending/VendingMachine$Response" sourcefilename="VendingMachine.java"><method name="&lt;clinit&gt;" desc="()V" line="24"><counter type="INSTRUCTION" missed="0" covered="51"/><counter type="LINE" missed="0" covered="8"/><counter type="COMPLEXITY" missed="0" covered="1"/><counter type="METHOD" missed="0" covered="1"/></method><counter type="INSTRUCTION" missed="0" covered="51"/><counter type="LINE" missed="0" covered="8"/><counter type="COMPLEXITY" missed="0" covered="1"/><counter type="METHOD" missed="0" covered="1"/><counter type="CLASS" missed="0" covered="1"/></class><class name="root/vending/VendingMachine$Mode" sourcefilename="VendingMachine.java"><method name="&lt;clinit&gt;" desc="()V" line="21"><counter type="INSTRUCTION" missed="0" covered="15"/><counter type="LINE" missed="0" covered="1"/><counter type="COMPLEXITY" missed="0" covered="1"/><counter type="METHOD" missed="0" covered="1"/></method><counter type="INSTRUCTION" missed="0" covered="15"/><counter type="LINE" missed="0" covered="1"/><counter type="COMPLEXITY" missed="0" covered="1"/><counter type="METHOD" missed="0" covered="1"/><counter type="CLASS" missed="0" covered="1"/></class><sourcefile name="VendingMachine.java"><line nr="17" mi="0" ci="2" mb="0" cb="0"/><line nr="19" mi="0" ci="3" mb="0" cb="0"/><line nr="21" mi="0" ci="15" mb="0" cb="0"/><line nr="22" mi="0" ci="3" mb="0" cb="0"/><line nr="24" mi="0" ci="9" mb="0" cb="0"/><line nr="25" mi="0" ci="6" mb="0" cb="0"/><line nr="26" mi="0" ci="6" mb="0" cb="0"/><line nr="27" mi="0" ci="6" mb="0" cb="0"/><line nr="28" mi="0" ci="6" mb="0" cb="0"/><line nr="29" mi="0" ci="6" mb="0" cb="0"/><line nr="30" mi="0" ci="6" mb="0" cb="0"/><line nr="31" mi="0" ci="6" mb="0" cb="0"/><line nr="34" mi="0" ci="3" mb="0" cb="0"/><line nr="35" mi="0" ci="3" mb="0" cb="0"/><line nr="37" mi="0" ci="3" mb="0" cb="0"/><line nr="38" mi="0" ci="3" mb="0" cb="0"/><line nr="40" mi="0" ci="3" mb="0" cb="0"/><line nr="41" mi="0" ci="3" mb="0" cb="0"/><line nr="43" mi="0" ci="3" mb="0" cb="0"/><line nr="44" mi="0" ci="3" mb="0" cb="0"/><line nr="46" mi="0" ci="3" mb="0" cb="0"/><line nr="47" mi="0" ci="3" mb="0" cb="0"/><line nr="49" mi="0" ci="2" mb="0" cb="0"/><line nr="50" mi="0" ci="3" mb="0" cb="0"/><line nr="52" mi="0" ci="4" mb="0" cb="0"/><line nr="56" mi="0" ci="3" mb="0" cb="0"/><line nr="61" mi="0" ci="3" mb="0" cb="0"/><line nr="66" mi="0" ci="3" mb="0" cb="0"/><line nr="71" mi="0" ci="3" mb="0" cb="0"/><line nr="76" mi="0" ci="4" mb="0" cb="2"/><line nr="77" mi="0" ci="2" mb="0" cb="0"/><line nr="79" mi="0" ci="10" mb="0" cb="0"/><line nr="84" mi="0" ci="4" mb="0" cb="2"/><line nr="85" mi="0" ci="2" mb="0" cb="0"/><line nr="87" mi="0" ci="3" mb="0" cb="0"/><line nr="92" mi="0" ci="4" mb="0" cb="2"/><line nr="93" mi="0" ci="2" mb="0" cb="0"/><line nr="95" mi="0" ci="3" mb="0" cb="0"/><line nr="101" mi="0" ci="3" mb="0" cb="0"/><line nr="106" mi="0" ci="3" mb="0" cb="0"/><line nr="111" mi="0" ci="6" mb="0" cb="2"/><line nr="112" mi="0" ci="4" mb="0" cb="0"/><line nr="113" mi="0" ci="4" mb="0" cb="0"/><line nr="114" mi="0" ci="2" mb="0" cb="0"/><line nr="119" mi="0" ci="4" mb="0" cb="2"/><line nr="120" mi="0" ci="2" mb="0" cb="0"/><line nr="122" mi="0" ci="6" mb="0" cb="4"/><line nr="123" mi="0" ci="2" mb="0" cb="0"/><line nr="125" mi="0" ci="6" mb="0" cb="4"/><line nr="126" mi="0" ci="2" mb="0" cb="0"/><line nr="128" mi="0" ci="3" mb="0" cb="0"/><line nr="129" mi="0" ci="3" mb="0" cb="0"/><line nr="130" mi="0" ci="2" mb="0" cb="0"/><line nr="135" mi="0" ci="5" mb="0" cb="2"/><line nr="136" mi="0" ci="7" mb="0" cb="2"/><line nr="137" mi="0" ci="3" mb="0" cb="0"/><line nr="138" mi="0" ci="2" mb="0" cb="0"/><line nr="143" mi="0" ci="3" mb="0" cb="0"/><line nr="144" mi="0" ci="1" mb="0" cb="0"/><line nr="148" mi="0" ci="6" mb="0" cb="2"/><line nr="149" mi="0" ci="6" mb="0" cb="4"/><line nr="150" mi="0" ci="3" mb="0" cb="0"/><line nr="151" mi="0" ci="3" mb="0" cb="0"/><line nr="152" mi="0" ci="2" mb="0" cb="0"/><line nr="157" mi="0" ci="6" mb="0" cb="2"/><line nr="158" mi="0" ci="7" mb="0" cb="2"/><line nr="160" mi="0" ci="6" mb="0" cb="0"/><line nr="161" mi="0" ci="6" mb="0" cb="0"/><line nr="163" mi="0" ci="2" mb="0" cb="0"/><line nr="168" mi="0" ci="6" mb="0" cb="2"/><line nr="169" mi="0" ci="7" mb="0" cb="2"/><line nr="171" mi="0" ci="6" mb="0" cb="0"/><line nr="172" mi="0" ci="6" mb="0" cb="0"/><line nr="174" mi="0" ci="2" mb="0" cb="0"/><line nr="179" mi="0" ci="6" mb="0" cb="2"/><line nr="181" mi="0" ci="3" mb="0" cb="2"/><line nr="183" mi="0" ci="2" mb="0" cb="0"/><line nr="185" mi="0" ci="12" mb="0" cb="2"/><line nr="187" mi="0" ci="2" mb="0" cb="0"/><line nr="189" mi="0" ci="7" mb="0" cb="2"/><line nr="192" mi="0" ci="12" mb="0" cb="0"/><line nr="193" mi="0" ci="3" mb="0" cb="0"/><line nr="194" mi="0" ci="3" mb="0" cb="0"/><line nr="196" mi="0" ci="2" mb="0" cb="0"/><line nr="198" mi="0" ci="5" mb="0" cb="2"/><line nr="200" mi="0" ci="9" mb="0" cb="0"/><line nr="201" mi="0" ci="3" mb="0" cb="0"/><line nr="203" mi="0" ci="2" mb="0" cb="0"/><line nr="205" mi="0" ci="3" mb="0" cb="2"/><line nr="208" mi="0" ci="2" mb="0" cb="0"/><line nr="213" mi="0" ci="6" mb="0" cb="0"/><line nr="214" mi="0" ci="9" mb="0" cb="0"/><line nr="215" mi="0" ci="3" mb="0" cb="0"/><line nr="216" mi="0" ci="2" mb="0" cb="0"/><line nr="222" mi="0" ci="6" mb="0" cb="2"/><line nr="224" mi="0" ci="8" mb="0" cb="4"/><line nr="225" mi="0" ci="6" mb="0" cb="2"/><line nr="227" mi="0" ci="8" mb="0" cb="0"/><line nr="229" mi="0" ci="4" mb="0" cb="2"/><line nr="230" mi="0" ci="11" mb="0" cb="2"/><line nr="232" mi="0" ci="2" mb="0" cb="0"/><line nr="234" mi="0" ci="6" mb="0" cb="2"/><line nr="237" mi="0" ci="11" mb="0" cb="0"/><line nr="238" mi="0" ci="3" mb="0" cb="0"/><line nr="239" mi="0" ci="3" mb="0" cb="0"/><line nr="240" mi="0" ci="6" mb="0" cb="0"/><line nr="242" mi="0" ci="2" mb="0" cb="0"/><line nr="244" mi="0" ci="4" mb="0" cb="2"/><line nr="246" mi="0" ci="8" mb="0" cb="0"/><line nr="247" mi="0" ci="3" mb="0" cb="0"/><line nr="248" mi="0" ci="6" mb="0" cb="0"/><line nr="250" mi="0" ci="2" mb="0" cb="0"/><line nr="252" mi="0" ci="3" mb="0" cb="2"/><line nr="255" mi="0" ci="2" mb="0" cb="0"/><line nr="260" mi="0" ci="8" mb="0" cb="0"/><line nr="261" mi="0" ci="6" mb="0" cb="0"/><line nr="262" mi="0" ci="3" mb="0" cb="0"/><line nr="263" mi="0" ci="6" mb="0" cb="0"/><line nr="265" mi="0" ci="2" mb="0" cb="0"/><line nr="271" mi="0" ci="6" mb="0" cb="2"/><line nr="273" mi="0" ci="8" mb="0" cb="4"/><line nr="274" mi="0" ci="6" mb="0" cb="2"/><line nr="276" mi="0" ci="8" mb="0" cb="0"/><line nr="278" mi="0" ci="4" mb="0" cb="2"/><line nr="279" mi="0" ci="11" mb="0" cb="2"/><line nr="281" mi="0" ci="2" mb="0" cb="0"/><line nr="283" mi="0" ci="6" mb="0" cb="2"/><line nr="286" mi="0" ci="11" mb="0" cb="0"/><line nr="287" mi="0" ci="3" mb="0" cb="0"/><line nr="288" mi="0" ci="3" mb="0" cb="0"/><line nr="289" mi="0" ci="6" mb="0" cb="0"/><line nr="291" mi="0" ci="2" mb="0" cb="0"/><line nr="293" mi="0" ci="4" mb="0" cb="2"/><line nr="295" mi="0" ci="8" mb="0" cb="0"/><line nr="296" mi="0" ci="3" mb="0" cb="0"/><line nr="297" mi="0" ci="6" mb="0" cb="0"/><line nr="299" mi="0" ci="2" mb="0" cb="0"/><line nr="301" mi="0" ci="3" mb="0" cb="2"/><line nr="304" mi="0" ci="2" mb="0" cb="0"/><line nr="309" mi="0" ci="8" mb="0" cb="0"/><line nr="310" mi="0" ci="6" mb="0" cb="0"/><line nr="311" mi="0" ci="3" mb="0" cb="0"/><line nr="312" mi="0" ci="6" mb="0" cb="0"/><line nr="314" mi="0" ci="2" mb="0" cb="0"/><counter type="INSTRUCTION" missed="0" covered="660"/><counter type="BRANCH" missed="0" covered="84"/><counter type="LINE" missed="0" covered="144"/><counter type="COMPLEXITY" missed="0" covered="65"/><counter type="METHOD" missed="0" covered="23"/><counter type="CLASS" missed="0" covered="3"/></sourcefile><counter type="INSTRUCTION" missed="0" covered="660"/><counter type="BRANCH" missed="0" covered="84"/><counter type="LINE" missed="0" covered="144"/><counter type="COMPLEXITY" missed="0" covered="65"/><counter type="METHOD" missed="0" covered="23"/><counter type="CLASS" missed="0" covered="3"/></package><counter type="INSTRUCTION" missed="0" covered="660"/><counter type="BRANCH" missed="0" covered="84"/><counter type="LINE" missed="0" covered="144"/><counter type="COMPLEXITY" missed="0" covered="65"/><counter type="METHOD" missed="0" covered="23"/><counter type="CLASS" missed="0" covered="3"/></report>